Using pre-set license
Built from '2021.3/china_unity/release' branch; Version is '2021.3.22f1c1 (99bccbe894f5) revision 10075339'; Using compiler version '192829333'; Build Type 'Release'
OS: 'Windows 10  (10.0.19044) 64bit CoreCountrySpecific' Language: 'zh' Physical Memory: 16126 MB
BatchMode: 1, IsHumanControllingUs: 0, StartBugReporterOnCrash: 0, Is64bit: 1, IsPro: 1

COMMAND LINE ARGUMENTS:
D:\unity\2021.3.22f1c1\Editor\Unity.exe
-adb2
-batchMode
-noUpm
-name
AssetImportWorker0
-projectPath
E:/games/Procedural Skybox/Procedural Skybox
-logFile
Logs/AssetImportWorker0.log
-srvPort
5580
Successfully changed project path to: E:/games/Procedural Skybox/Procedural Skybox
E:/games/Procedural Skybox/Procedural Skybox
[UnityMemory] Configuration Parameters - Can be set up in boot.config
    "memorysetup-bucket-allocator-granularity=16"
    "memorysetup-bucket-allocator-bucket-count=8"
    "memorysetup-bucket-allocator-block-size=33554432"
    "memorysetup-bucket-allocator-block-count=8"
    "memorysetup-main-allocator-block-size=16777216"
    "memorysetup-thread-allocator-block-size=16777216"
    "memorysetup-gfx-main-allocator-block-size=16777216"
    "memorysetup-gfx-thread-allocator-block-size=16777216"
    "memorysetup-cache-allocator-block-size=4194304"
    "memorysetup-typetree-allocator-block-size=2097152"
    "memorysetup-profiler-bucket-allocator-granularity=16"
    "memorysetup-profiler-bucket-allocator-bucket-count=8"
    "memorysetup-profiler-bucket-allocator-block-size=33554432"
    "memorysetup-profiler-bucket-allocator-block-count=8"
    "memorysetup-profiler-allocator-block-size=16777216"
    "memorysetup-profiler-editor-allocator-block-size=1048576"
    "memorysetup-temp-allocator-size-main=16777216"
    "memorysetup-job-temp-allocator-block-size=2097152"
    "memorysetup-job-temp-allocator-block-size-background=1048576"
    "memorysetup-job-temp-allocator-reduction-small-platforms=262144"
    "memorysetup-temp-allocator-size-background-worker=32768"
    "memorysetup-temp-allocator-size-job-worker=262144"
    "memorysetup-temp-allocator-size-preload-manager=33554432"
    "memorysetup-temp-allocator-size-nav-mesh-worker=65536"
    "memorysetup-temp-allocator-size-audio-worker=65536"
    "memorysetup-temp-allocator-size-cloud-worker=32768"
    "memorysetup-temp-allocator-size-gi-baking-worker=262144"
    "memorysetup-temp-allocator-size-gfx=262144"
Player connection [7408] Host "[IP] 192.168.56.1 [Port] 0 [Flags] 2 [Guid] 1742853027 [EditorId] 1742853027 [Version] 1048832 [Id] WindowsEditor(7,LTP-IZ-G15) [Debug] 1 [PackageName] WindowsEditor [ProjectName] Editor" joined multi-casting on [225.0.0.222:54997]...

Player connection [7408] Host "[IP] 192.168.56.1 [Port] 0 [Flags] 2 [Guid] 1742853027 [EditorId] 1742853027 [Version] 1048832 [Id] WindowsEditor(7,LTP-IZ-G15) [Debug] 1 [PackageName] WindowsEditor [ProjectName] Editor" joined alternative multi-casting on [225.0.0.222:34997]...

AS: AutoStreaming module initializing.
Refreshing native plugins compatible for Editor in 83.10 ms, found 3 plugins.
Preloading 0 native plugins for Editor in 0.00 ms.
Initialize engine version: 2021.3.22f1c1 (99bccbe894f5)
[Subsystems] Discovering subsystems at path D:/unity/2021.3.22f1c1/Editor/Data/Resources/UnitySubsystems
[Subsystems] Discovering subsystems at path E:/games/Procedural Skybox/Procedural Skybox/Assets
GfxDevice: creating device client; threaded=0; jobified=0
Direct3D:
    Version:  Direct3D 11.0 [level 11.1]
    Renderer: NVIDIA GeForce RTX 3060 Laptop GPU (ID=0x2560)
    Vendor:   NVIDIA
    VRAM:     6009 MB
    Driver:   31.0.15.2756
Initialize mono
Mono path[0] = 'D:/unity/2021.3.22f1c1/Editor/Data/Managed'
Mono path[1] = 'D:/unity/2021.3.22f1c1/Editor/Data/MonoBleedingEdge/lib/mono/unityjit-win32'
Mono config path = 'D:/unity/2021.3.22f1c1/Editor/Data/MonoBleedingEdge/etc'
Using monoOptions --debugger-agent=transport=dt_socket,embedding=1,server=y,suspend=n,address=127.0.0.1:56780
Begin MonoManager ReloadAssembly
Registering precompiled unity dll's ...
Register platform support module: D:/unity/2021.3.22f1c1/Editor/Data/PlaybackEngines/WindowsStandaloneSupport/UnityEditor.WindowsStandalone.Extensions.dll
Registered in 0.002749 seconds.
Native extension for WindowsStandalone target not found
Refreshing native plugins compatible for Editor in 88.47 ms, found 3 plugins.
Preloading 0 native plugins for Editor in 0.00 ms.
Mono: successfully reloaded assembly
- Completed reload, in  0.640 seconds
Domain Reload Profiling:
	ReloadAssembly (641ms)
		BeginReloadAssembly (81ms)
			ExecutionOrderSort (0ms)
			DisableScriptedObjects (0ms)
			BackupInstance (0ms)
			ReleaseScriptingObjects (0ms)
			CreateAndSetChildDomain (1ms)
		EndReloadAssembly (460ms)
			LoadAssemblies (79ms)
			RebuildTransferFunctionScriptingTraits (0ms)
			SetupTypeCache (111ms)
			ReleaseScriptCaches (0ms)
			RebuildScriptCaches (29ms)
			SetupLoadedEditorAssemblies (274ms)
				LogAssemblyErrors (0ms)
				InitializePlatformSupportModulesInManaged (8ms)
				SetLoadedEditorAssemblies (0ms)
				RefreshPlugins (89ms)
				BeforeProcessingInitializeOnLoad (2ms)
				ProcessInitializeOnLoadAttributes (131ms)
				ProcessInitializeOnLoadMethodAttributes (45ms)
				AfterProcessingInitializeOnLoad (0ms)
				EditorAssembliesLoaded (0ms)
			ExecutionOrderSort2 (0ms)
			AwakeInstancesAfterBackupRestoration (0ms)
Platform modules already initialized, skipping
Registering precompiled user dll's ...
Registered in 0.010418 seconds.
Begin MonoManager ReloadAssembly
Symbol file LoadedFromMemory doesn't match image E:\games\Procedural Skybox\Procedural Skybox\Library\PackageCache\com.unity.visualscripting@1.8.0\Editor\VisualScripting.Core\Dependencies\YamlDotNet\Unity.VisualScripting.YamlDotNet.dll
Symbol file LoadedFromMemory doesn't match image E:\games\Procedural Skybox\Procedural Skybox\Library\PackageCache\com.unity.visualscripting@1.8.0\Editor\VisualScripting.Core\Dependencies\DotNetZip\Unity.VisualScripting.IonicZip.dll
Native extension for WindowsStandalone target not found
Refreshing native plugins compatible for Editor in 0.71 ms, found 3 plugins.
Preloading 0 native plugins for Editor in 0.00 ms.
Mono: successfully reloaded assembly
- Completed reload, in  1.132 seconds
Domain Reload Profiling:
	ReloadAssembly (1133ms)
		BeginReloadAssembly (107ms)
			ExecutionOrderSort (0ms)
			DisableScriptedObjects (5ms)
			BackupInstance (0ms)
			ReleaseScriptingObjects (0ms)
			CreateAndSetChildDomain (19ms)
		EndReloadAssembly (930ms)
			LoadAssemblies (82ms)
			RebuildTransferFunctionScriptingTraits (0ms)
			SetupTypeCache (231ms)
			ReleaseScriptCaches (1ms)
			RebuildScriptCaches (52ms)
			SetupLoadedEditorAssemblies (522ms)
				LogAssemblyErrors (0ms)
				InitializePlatformSupportModulesInManaged (4ms)
				SetLoadedEditorAssemblies (1ms)
				RefreshPlugins (1ms)
				BeforeProcessingInitializeOnLoad (86ms)
				ProcessInitializeOnLoadAttributes (404ms)
				ProcessInitializeOnLoadMethodAttributes (20ms)
				AfterProcessingInitializeOnLoad (6ms)
				EditorAssembliesLoaded (0ms)
			ExecutionOrderSort2 (0ms)
			AwakeInstancesAfterBackupRestoration (6ms)
Platform modules already initialized, skipping
========================================================================
Worker process is ready to serve import requests
Launched and connected shader compiler UnityShaderCompiler.exe after 0.05 seconds
Refreshing native plugins compatible for Editor in 0.49 ms, found 3 plugins.
Preloading 0 native plugins for Editor in 0.00 ms.
Unloading 3056 Unused Serialized files (Serialized files now loaded: 0)
Unloading 24 unused Assets / (113.7 KB). Loaded Objects now: 3520.
Memory consumption went from 114.4 MB to 114.3 MB.
Total: 2.864000 ms (FindLiveObjects: 0.226400 ms CreateObjectMapping: 0.069200 ms MarkObjects: 2.442600 ms  DeleteObjects: 0.123700 ms)

AssetImportParameters requested are different than current active one (requested -> active):
  custom:video-decoder-ogg-theora: a1e56fd34408186e4bbccfd4996cb3dc -> 
  custom:container-muxer-webm: aa71ff27fc2769a1b78a27578f13a17b -> 
  custom:container-demuxer-webm: 4f35f7cbe854078d1ac9338744f61a02 -> 
  custom:video-encoder-webm-vp8: eb34c28f22e8b96e1ab97ce403110664 -> 
  custom:video-codec-MediaFoundation-h265: 746d11721c4dcdbdad8f713fa42b33f4 -> 
  custom:audio-encoder-webm-vorbis: bf7c407c2cedff20999df2af8eb42d56 -> 
  custom:framework-win-MediaFoundation: 216162199b28c13a410421893ffa2e32 -> 
  custom:container-demuxer-ogg: 62fdf1f143b41e24485cea50d1cbac27 -> 
  custom:video-decoder-webm-vp8: 9c59270c3fd7afecdb556c50c9e8de78 -> 
  custom:audio-decoder-ogg-vorbis: bf7c407c2cedff20999df2af8eb42d56 -> 
========================================================================
Received Import Request.
  Time since last request: 28627.904665 seconds.
  path: Assets/Material/New Material 1.mat
  artifactKey: Guid(138866ba85bf7ba40991e1c4ba1d1d58) Importer(815301076,1909f56bfc062723c751e8b465ee728b)
Start importing Assets/Material/New Material 1.mat using Guid(138866ba85bf7ba40991e1c4ba1d1d58) Importer(815301076,1909f56bfc062723c751e8b465ee728b)  -> (artifact id: 'd63e3e4f7a361cab4a8b25eefb5e594e') in 0.099857 seconds 
========================================================================
Received Import Request.
  Time since last request: 84.982144 seconds.
  path: Assets/Shader/PreSkybox.shader
  artifactKey: Guid(87e9e9201af6d694186a27dde9520049) Importer(815301076,1909f56bfc062723c751e8b465ee728b)
Start importing Assets/Shader/PreSkybox.shader using Guid(87e9e9201af6d694186a27dde9520049) Importer(815301076,1909f56bfc062723c751e8b465ee728b)  -> (artifact id: '299296e7f48cd3ca1ad45ad3a516706b') in 0.007404 seconds 
========================================================================
Received Import Request.
  Time since last request: 1.305416 seconds.
  path: Assets/Shader/ProceduralCustom.shader
  artifactKey: Guid(2e796a1cfca68d24690c2ac0d64804ec) Importer(815301076,1909f56bfc062723c751e8b465ee728b)
Start importing Assets/Shader/ProceduralCustom.shader using Guid(2e796a1cfca68d24690c2ac0d64804ec) Importer(815301076,1909f56bfc062723c751e8b465ee728b)  -> (artifact id: 'aa90abf08d369b95dc0aa7c9054a89e8') in 0.001844 seconds 
========================================================================
Received Import Request.
  Time since last request: 79.458034 seconds.
  path: Assets/Shader/Past_Skybox.shader
  artifactKey: Guid(071db7aea0aa2904189ef839013dafb0) Importer(815301076,1909f56bfc062723c751e8b465ee728b)
Start importing Assets/Shader/Past_Skybox.shader using Guid(071db7aea0aa2904189ef839013dafb0) Importer(815301076,1909f56bfc062723c751e8b465ee728b)  -> (artifact id: 'ef900f1433aacea0e8401ab2418c1108') in 0.005056 seconds 
========================================================================
Received Import Request.
  Time since last request: 32.245382 seconds.
  path: Assets/Shader/Past_Skybox.shader
  artifactKey: Guid(071db7aea0aa2904189ef839013dafb0) Importer(815301076,1909f56bfc062723c751e8b465ee728b)
Start importing Assets/Shader/Past_Skybox.shader using Guid(071db7aea0aa2904189ef839013dafb0) Importer(815301076,1909f56bfc062723c751e8b465ee728b)  -> (artifact id: 'df5d9357855b1c0da51fb7c3b9468876') in 0.004838 seconds 
========================================================================
Received Import Request.
  Time since last request: 20.950813 seconds.
  path: Assets/Material/Past_Mat.mat
  artifactKey: Guid(1322038b4098f4041bba73ea4d9f64de) Importer(815301076,1909f56bfc062723c751e8b465ee728b)
Start importing Assets/Material/Past_Mat.mat using Guid(1322038b4098f4041bba73ea4d9f64de) Importer(815301076,1909f56bfc062723c751e8b465ee728b)  -> (artifact id: '81c0ed184a8ad9c9ba378491561b2ba8') in 0.019477 seconds 
========================================================================
Received Import Request.
  Time since last request: 374.890422 seconds.
  path: Assets/Material/Past_Mat.mat
  artifactKey: Guid(1322038b4098f4041bba73ea4d9f64de) Importer(815301076,1909f56bfc062723c751e8b465ee728b)
Start importing Assets/Material/Past_Mat.mat using Guid(1322038b4098f4041bba73ea4d9f64de) Importer(815301076,1909f56bfc062723c751e8b465ee728b)  -> (artifact id: '7b90d5ca653b47043137d008126e0553') in 0.087323 seconds 
========================================================================
Received Import Request.
  Time since last request: 264.259540 seconds.
  path: Assets/Material/Past_Mat.mat
  artifactKey: Guid(1322038b4098f4041bba73ea4d9f64de) Importer(815301076,1909f56bfc062723c751e8b465ee728b)
Start importing Assets/Material/Past_Mat.mat using Guid(1322038b4098f4041bba73ea4d9f64de) Importer(815301076,1909f56bfc062723c751e8b465ee728b)  -> (artifact id: '1071533c1804b1699c419d7c7cb2e3f6') in 0.034259 seconds 
========================================================================
Received Prepare
Refreshing native plugins compatible for Editor in 7.26 ms, found 3 plugins.
Preloading 0 native plugins for Editor in 0.00 ms.
Unloading 18 Unused Serialized files (Serialized files now loaded: 0)
Unloading 17 unused Assets / (77.4 KB). Loaded Objects now: 3563.
Memory consumption went from 57.7 MB to 57.7 MB.
Total: 6.288000 ms (FindLiveObjects: 0.348800 ms CreateObjectMapping: 0.205600 ms MarkObjects: 5.607300 ms  DeleteObjects: 0.125300 ms)

AssetImportParameters requested are different than current active one (requested -> active):
  custom:video-decoder-ogg-theora: a1e56fd34408186e4bbccfd4996cb3dc -> 
  custom:container-muxer-webm: aa71ff27fc2769a1b78a27578f13a17b -> 
  custom:container-demuxer-webm: 4f35f7cbe854078d1ac9338744f61a02 -> 
  custom:video-encoder-webm-vp8: eb34c28f22e8b96e1ab97ce403110664 -> 
  custom:video-codec-MediaFoundation-h265: 746d11721c4dcdbdad8f713fa42b33f4 -> 
  custom:audio-encoder-webm-vorbis: bf7c407c2cedff20999df2af8eb42d56 -> 
  custom:framework-win-MediaFoundation: 216162199b28c13a410421893ffa2e32 -> 
  custom:container-demuxer-ogg: 62fdf1f143b41e24485cea50d1cbac27 -> 
  custom:video-decoder-webm-vp8: 9c59270c3fd7afecdb556c50c9e8de78 -> 
  custom:audio-decoder-ogg-vorbis: bf7c407c2cedff20999df2af8eb42d56 -> 
========================================================================
Received Import Request.
  Time since last request: 193.343873 seconds.
  path: Assets/Material/Past_Mat.mat
  artifactKey: Guid(1322038b4098f4041bba73ea4d9f64de) Importer(815301076,1909f56bfc062723c751e8b465ee728b)
Start importing Assets/Material/Past_Mat.mat using Guid(1322038b4098f4041bba73ea4d9f64de) Importer(815301076,1909f56bfc062723c751e8b465ee728b)  -> (artifact id: '8457282bcccc4e2d0d865144bab0e01d') in 0.106069 seconds 
========================================================================
Received Prepare
Refreshing native plugins compatible for Editor in 6.36 ms, found 3 plugins.
Preloading 0 native plugins for Editor in 0.00 ms.
Unloading 17 Unused Serialized files (Serialized files now loaded: 0)
Unloading 17 unused Assets / (77.4 KB). Loaded Objects now: 3563.
Memory consumption went from 57.6 MB to 57.6 MB.
Total: 4.567800 ms (FindLiveObjects: 0.357100 ms CreateObjectMapping: 0.168000 ms MarkObjects: 3.917500 ms  DeleteObjects: 0.123700 ms)

AssetImportParameters requested are different than current active one (requested -> active):
  custom:video-decoder-ogg-theora: a1e56fd34408186e4bbccfd4996cb3dc -> 
  custom:container-muxer-webm: aa71ff27fc2769a1b78a27578f13a17b -> 
  custom:container-demuxer-webm: 4f35f7cbe854078d1ac9338744f61a02 -> 
  custom:video-encoder-webm-vp8: eb34c28f22e8b96e1ab97ce403110664 -> 
  custom:video-codec-MediaFoundation-h265: 746d11721c4dcdbdad8f713fa42b33f4 -> 
  custom:audio-encoder-webm-vorbis: bf7c407c2cedff20999df2af8eb42d56 -> 
  custom:framework-win-MediaFoundation: 216162199b28c13a410421893ffa2e32 -> 
  custom:container-demuxer-ogg: 62fdf1f143b41e24485cea50d1cbac27 -> 
  custom:video-decoder-webm-vp8: 9c59270c3fd7afecdb556c50c9e8de78 -> 
  custom:audio-decoder-ogg-vorbis: bf7c407c2cedff20999df2af8eb42d56 -> 
========================================================================
Received Import Request.
  Time since last request: 10.502109 seconds.
  path: Assets/Material/Past_Mat.mat
  artifactKey: Guid(1322038b4098f4041bba73ea4d9f64de) Importer(815301076,1909f56bfc062723c751e8b465ee728b)
Start importing Assets/Material/Past_Mat.mat using Guid(1322038b4098f4041bba73ea4d9f64de) Importer(815301076,1909f56bfc062723c751e8b465ee728b)  -> (artifact id: '341d35d8704ef25275e571e00e8e0861') in 0.017894 seconds 
========================================================================
Received Prepare
Refreshing native plugins compatible for Editor in 6.21 ms, found 3 plugins.
Preloading 0 native plugins for Editor in 0.00 ms.
Unloading 17 Unused Serialized files (Serialized files now loaded: 0)
Unloading 17 unused Assets / (77.4 KB). Loaded Objects now: 3563.
Memory consumption went from 57.6 MB to 57.6 MB.
Total: 3.611600 ms (FindLiveObjects: 0.369400 ms CreateObjectMapping: 0.126800 ms MarkObjects: 2.991800 ms  DeleteObjects: 0.122500 ms)

AssetImportParameters requested are different than current active one (requested -> active):
  custom:video-decoder-ogg-theora: a1e56fd34408186e4bbccfd4996cb3dc -> 
  custom:container-muxer-webm: aa71ff27fc2769a1b78a27578f13a17b -> 
  custom:container-demuxer-webm: 4f35f7cbe854078d1ac9338744f61a02 -> 
  custom:video-encoder-webm-vp8: eb34c28f22e8b96e1ab97ce403110664 -> 
  custom:video-codec-MediaFoundation-h265: 746d11721c4dcdbdad8f713fa42b33f4 -> 
  custom:audio-encoder-webm-vorbis: bf7c407c2cedff20999df2af8eb42d56 -> 
  custom:framework-win-MediaFoundation: 216162199b28c13a410421893ffa2e32 -> 
  custom:container-demuxer-ogg: 62fdf1f143b41e24485cea50d1cbac27 -> 
  custom:video-decoder-webm-vp8: 9c59270c3fd7afecdb556c50c9e8de78 -> 
  custom:audio-decoder-ogg-vorbis: bf7c407c2cedff20999df2af8eb42d56 -> 
========================================================================
Received Prepare
Refreshing native plugins compatible for Editor in 4.30 ms, found 3 plugins.
Preloading 0 native plugins for Editor in 0.00 ms.
Unloading 17 Unused Serialized files (Serialized files now loaded: 0)
Unloading 17 unused Assets / (77.5 KB). Loaded Objects now: 3563.
Memory consumption went from 57.6 MB to 57.6 MB.
Total: 2.743100 ms (FindLiveObjects: 0.264700 ms CreateObjectMapping: 0.087600 ms MarkObjects: 2.316100 ms  DeleteObjects: 0.074000 ms)

AssetImportParameters requested are different than current active one (requested -> active):
  custom:video-decoder-ogg-theora: a1e56fd34408186e4bbccfd4996cb3dc -> 
  custom:container-muxer-webm: aa71ff27fc2769a1b78a27578f13a17b -> 
  custom:container-demuxer-webm: 4f35f7cbe854078d1ac9338744f61a02 -> 
  custom:video-encoder-webm-vp8: eb34c28f22e8b96e1ab97ce403110664 -> 
  custom:video-codec-MediaFoundation-h265: 746d11721c4dcdbdad8f713fa42b33f4 -> 
  custom:audio-encoder-webm-vorbis: bf7c407c2cedff20999df2af8eb42d56 -> 
  custom:framework-win-MediaFoundation: 216162199b28c13a410421893ffa2e32 -> 
  custom:container-demuxer-ogg: 62fdf1f143b41e24485cea50d1cbac27 -> 
  custom:video-decoder-webm-vp8: 9c59270c3fd7afecdb556c50c9e8de78 -> 
  custom:audio-decoder-ogg-vorbis: bf7c407c2cedff20999df2af8eb42d56 -> 
